p/img999.jpg 1 0 0 100 40
p/img998.jpg 1 0 0 100 40
p/img997.jpg 1 0 0 100 40
p/img996.jpg 1 0 0 100 40
p/img995.jpg 1 0 0 100 40
p/img994.jpg 1 0 0 128 128
p/img993.jpg 1 0 0 100 40
p/img992.jpg 1 0 0 100 40
p/img991.jpg 1 0 0 100 40
p/img990.jpg 1 0 0 100 40
p/img99.jpg 1 0 0 52 34
p/img989.jpg 1 0 0 100 40
p/img988.jpg 1 0 0 100 40
p/img987.jpg 1 0 0 100 40
p/img986.jpg 1 0 0 100 40
p/img985.jpg 1 0 0 100 40
p/img984.jpg 1 0 0 100 40
p/img983.jpg 1 0 0 100 40
p/img982.jpg 1 0 0 100 40
p/img981.jpg 1 0 0 100 40
p/img980.jpg 1 0 0 100 40
p/img98.jpg 1 0 0 43 31
p/img979.jpg 1 0 0 128 128
p/img978.jpg 1 0 0 100 40
p/img977.jpg 1 0 0 100 40
p/img976.jpg 1 0 0 100 40
p/img975.jpg 1 0 0 100 40
p/img974.jpg 1 0 0 100 40
p/img973.jpg 1 0 0 100 40
p/img972.jpg 1 0 0 128 128
p/img971.jpg 1 0 0 100 40
p/img970.jpg 1 0 0 100 40
p/img97.jpg 1 0 0 30 24
p/img969.jpg 1 0 0 100 40
p/img968.jpg 1 0 0 100 40
p/img967.jpg 1 0 0 100 40
p/img966.jpg 1 0 0 100 40
p/img965.jpg 1 0 0 100 40
p/img964.jpg 1 0 0 100 40
p/img963.jpg 1 0 0 128 128
p/img962.jpg 1 0 0 100 40
p/img961.jpg 1 0 0 100 40
p/img960.jpg 1 0 0 100 40
p/img96.jpg 1 0 0 46 24
p/img959.jpg 1 0 0 100 40
p/img958.jpg 1 0 0 100 40
p/img957.jpg 1 0 0 100 40
p/img956.jpg 1 0 0 100 40
p/img955.jpg 1 0 0 100 40
p/img954.jpg 1 0 0 100 40
p/img953.jpg 1 0 0 128 128
p/img952.jpg 1 0 0 100 40
p/img951.jpg 1 0 0 100 40
p/img950.jpg 1 0 0 100 40
p/img95.jpg 1 0 0 56 38
p/img949.jpg 1 0 0 100 40
p/img948.jpg 1 0 0 100 40
p/img947.jpg 1 0 0 100 40
p/img946.jpg 1 0 0 100 40
p/img945.jpg 1 0 0 100 40
p/img944.jpg 1 0 0 100 40
p/img943.jpg 1 0 0 100 40
p/img942.jpg 1 0 0 128 128
p/img941.jpg 1 0 0 100 40
p/img940.jpg 1 0 0 100 40
p/img94.jpg 1 0 0 32 23
p/img939.jpg 1 0 0 100 40
p/img938.jpg 1 0 0 100 40
p/img937.jpg 1 0 0 100 40
p/img936.jpg 1 0 0 128 128
p/img935.jpg 1 0 0 100 40
p/img934.jpg 1 0 0 100 40
p/img933.jpg 1 0 0 100 40
p/img932.jpg 1 0 0 100 40
p/img931.jpg 1 0 0 100 40
p/img930.jpg 1 0 0 100 40
p/img93.jpg 1 0 0 30 26
p/img929.jpg 1 0 0 100 40
p/img928.jpg 1 0 0 100 40
p/img927.jpg 1 0 0 100 40
p/img926.jpg 1 0 0 100 40
p/img925.jpg 1 0 0 100 40
p/img924.jpg 1 0 0 100 40
p/img923.jpg 1 0 0 100 40
p/img922.jpg 1 0 0 100 40
p/img921.jpg 1 0 0 128 128
p/img920.jpg 1 0 0 100 40
p/img92.jpg 1 0 0 128 128
p/img919.jpg 1 0 0 100 40
p/img918.jpg 1 0 0 100 40
p/img917.jpg 1 0 0 128 128
p/img916.jpg 1 0 0 128 128
p/img915.jpg 1 0 0 128 128
p/img914.jpg 1 0 0 100 40
p/img913.jpg 1 0 0 128 128
p/img912.jpg 1 0 0 128 128
p/img911.jpg 1 0 0 128 128
p/img910.jpg 1 0 0 128 128
p/img91.jpg 1 0 0 74 63
p/img909.jpg 1 0 0 128 128
p/img908.jpg 1 0 0 128 128
p/img907.jpg 1 0 0 128 128
p/img906.jpg 1 0 0 128 128
p/img905.jpg 1 0 0 128 128
p/img904.jpg 1 0 0 128 128
p/img903.jpg 1 0 0 128 128
p/img902.jpg 1 0 0 128 128
p/img901.jpg 1 0 0 100 40
p/img900.jpg 1 0 0 100 40
p/img90.jpg 1 0 0 37 22
p/img9.jpg 1 0 0 74 33
p/img899.jpg 1 0 0 100 40
p/img898.jpg 1 0 0 100 40
p/img897.jpg 1 0 0 128 128
p/img896.jpg 1 0 0 100 40
p/img895.jpg 1 0 0 100 40
p/img894.jpg 1 0 0 100 40
p/img893.jpg 1 0 0 100 40
p/img892.jpg 1 0 0 100 40
p/img891.jpg 1 0 0 100 40
p/img890.jpg 1 0 0 128 128
p/img89.jpg 1 0 0 62 68
p/img889.jpg 1 0 0 100 40
p/img888.jpg 1 0 0 100 40
p/img887.jpg 1 0 0 100 40
p/img886.jpg 1 0 0 100 40
p/img885.jpg 1 0 0 100 40
p/img884.jpg 1 0 0 100 40
p/img883.jpg 1 0 0 128 128
p/img882.jpg 1 0 0 100 40
p/img881.jpg 1 0 0 100 40
p/img880.jpg 1 0 0 100 40
p/img88.jpg 1 0 0 42 27
p/img879.jpg 1 0 0 100 40
p/img878.jpg 1 0 0 100 40
p/img877.jpg 1 0 0 100 40
p/img876.jpg 1 0 0 100 40
p/img875.jpg 1 0 0 100 40
p/img874.jpg 1 0 0 100 40
p/img873.jpg 1 0 0 128 128
p/img872.jpg 1 0 0 128 128
p/img871.jpg 1 0 0 128 128
p/img870.jpg 1 0 0 128 128
p/img87.jpg 1 0 0 83 72
p/img869.jpg 1 0 0 128 128
p/img868.jpg 1 0 0 128 128
p/img867.jpg 1 0 0 128 128
p/img866.jpg 1 0 0 100 40
p/img865.jpg 1 0 0 128 128
p/img864.jpg 1 0 0 128 128
p/img863.jpg 1 0 0 128 128
p/img862.jpg 1 0 0 100 40
p/img861.jpg 1 0 0 128 128
p/img860.jpg 1 0 0 128 128
p/img86.jpg 1 0 0 72 79
p/img859.jpg 1 0 0 128 128
p/img858.jpg 1 0 0 128 128
p/img857.jpg 1 0 0 128 128
p/img856.jpg 1 0 0 128 128
p/img855.jpg 1 0 0 128 128
p/img854.jpg 1 0 0 128 128
p/img853.jpg 1 0 0 100 40
p/img852.jpg 1 0 0 128 128
p/img851.jpg 1 0 0 128 128
p/img850.jpg 1 0 0 128 128
p/img85.jpg 1 0 0 68 60
p/img849.jpg 1 0 0 128 128
p/img848.jpg 1 0 0 128 128
p/img847.jpg 1 0 0 128 128
p/img846.jpg 1 0 0 128 128
p/img845.jpg 1 0 0 100 40
p/img844.jpg 1 0 0 100 40
p/img843.jpg 1 0 0 128 128
p/img842.jpg 1 0 0 100 40
p/img841.jpg 1 0 0 128 128
p/img840.jpg 1 0 0 128 128
p/img84.jpg 1 0 0 46 34
p/img839.jpg 1 0 0 128 128
p/img838.jpg 1 0 0 128 128
p/img837.jpg 1 0 0 128 128
p/img836.jpg 1 0 0 128 128
p/img835.jpg 1 0 0 128 128
p/img834.jpg 1 0 0 128 128
p/img833.jpg 1 0 0 100 40
p/img832.jpg 1 0 0 128 128
p/img831.jpg 1 0 0 128 128
p/img830.jpg 1 0 0 128 128
p/img83.jpg 1 0 0 48 24
p/img829.jpg 1 0 0 128 128
p/img828.jpg 1 0 0 128 128
p/img827.jpg 1 0 0 100 40
p/img826.jpg 1 0 0 100 40
p/img825.jpg 1 0 0 100 40
p/img824.jpg 1 0 0 100 40
p/img823.jpg 1 0 0 100 40
p/img822.jpg 1 0 0 128 128
p/img821.jpg 1 0 0 100 40
p/img820.jpg 1 0 0 100 40
p/img82.jpg 1 0 0 100 65
p/img819.jpg 1 0 0 100 40
p/img818.jpg 1 0 0 100 40
p/img817.jpg 1 0 0 100 40
p/img816.jpg 1 0 0 100 40
p/img815.jpg 1 0 0 100 40
p/img814.jpg 1 0 0 100 40
p/img813.jpg 1 0 0 128 128
p/img812.jpg 1 0 0 128 128
p/img811.jpg 1 0 0 128 128
p/img810.jpg 1 0 0 128 128
p/img81.jpg 1 0 0 100 40
p/img809.jpg 1 0 0 128 128
p/img808.jpg 1 0 0 100 40
p/img807.jpg 1 0 0 128 128
p/img806.jpg 1 0 0 128 128
p/img805.jpg 1 0 0 128 128
p/img804.jpg 1 0 0 128 128
p/img803.jpg 1 0 0 128 128
p/img802.jpg 1 0 0 128 128
p/img801.jpg 1 0 0 128 128
p/img800.jpg 1 0 0 128 128
p/img80.jpg 1 0 0 72 24
p/img8.jpg 1 0 0 128 128
p/img799.jpg 1 0 0 100 40
p/img798.jpg 1 0 0 100 40
p/img797.jpg 1 0 0 100 40
p/img796.jpg 1 0 0 100 40
p/img795.jpg 1 0 0 128 128
p/img794.jpg 1 0 0 100 40
p/img793.jpg 1 0 0 100 40
p/img792.jpg 1 0 0 128 128
p/img791.jpg 1 0 0 100 40
p/img790.jpg 1 0 0 100 40
p/img79.jpg 1 0 0 58 30
p/img789.jpg 1 0 0 100 40
p/img788.jpg 1 0 0 100 40
p/img787.jpg 1 0 0 100 40
p/img786.jpg 1 0 0 100 40
p/img785.jpg 1 0 0 100 40
p/img784.jpg 1 0 0 100 40
p/img783.jpg 1 0 0 128 128
p/img782.jpg 1 0 0 100 40
p/img781.jpg 1 0 0 100 40
p/img780.jpg 1 0 0 100 40
p/img78.jpg 1 0 0 75 74
p/img779.jpg 1 0 0 100 40
p/img778.jpg 1 0 0 100 40
p/img777.jpg 1 0 0 100 40
p/img776.jpg 1 0 0 100 40
p/img775.jpg 1 0 0 100 40
p/img774.jpg 1 0 0 100 40
p/img773.jpg 1 0 0 100 40
p/img772.jpg 1 0 0 100 40
p/img771.jpg 1 0 0 100 40
p/img770.jpg 1 0 0 100 40
p/img77.jpg 1 0 0 32 16
p/img769.jpg 1 0 0 100 40
p/img768.jpg 1 0 0 100 40
p/img767.jpg 1 0 0 100 40
p/img766.jpg 1 0 0 100 40
p/img765.jpg 1 0 0 100 40
p/img764.jpg 1 0 0 100 40
p/img763.jpg 1 0 0 100 40
p/img762.jpg 1 0 0 100 40
p/img761.jpg 1 0 0 100 40
p/img760.jpg 1 0 0 100 40
p/img76.jpg 1 0 0 44 22
p/img759.jpg 1 0 0 100 40
p/img758.jpg 1 0 0 100 40
p/img757.jpg 1 0 0 100 40
p/img756.jpg 1 0 0 100 40
p/img755.jpg 1 0 0 100 40
p/img754.jpg 1 0 0 100 40
p/img753.jpg 1 0 0 100 40
p/img752.jpg 1 0 0 100 40
p/img751.jpg 1 0 0 100 40
p/img750.jpg 1 0 0 128 128
p/img75.jpg 1 0 0 60 60
p/img749.jpg 1 0 0 100 40
p/img748.jpg 1 0 0 100 40
p/img747.jpg 1 0 0 100 40
p/img746.jpg 1 0 0 100 40
p/img745.jpg 1 0 0 100 40
p/img744.jpg 1 0 0 128 128
p/img743.jpg 1 0 0 100 40
p/img742.jpg 1 0 0 100 40
p/img741.jpg 1 0 0 100 40
p/img740.jpg 1 0 0 100 40
p/img74.jpg 1 0 0 55 25
p/img739.jpg 1 0 0 100 40
p/img738.jpg 1 0 0 100 40
p/img737.jpg 1 0 0 128 128
p/img736.jpg 1 0 0 100 40
p/img735.jpg 1 0 0 100 40
p/img734.jpg 1 0 0 100 40
p/img733.jpg 1 0 0 100 40
p/img732.jpg 1 0 0 100 40
p/img731.jpg 1 0 0 100 40
p/img730.jpg 1 0 0 100 40
p/img73.jpg 1 0 0 39 23
p/img729.jpg 1 0 0 100 40
p/img728.jpg 1 0 0 100 40
p/img727.jpg 1 0 0 100 40
p/img726.jpg 1 0 0 100 40
p/img725.jpg 1 0 0 100 40
p/img724.jpg 1 0 0 100 40
p/img723.jpg 1 0 0 100 40
p/img722.jpg 1 0 0 100 40
p/img721.jpg 1 0 0 100 40
p/img720.jpg 1 0 0 100 40
p/img72.jpg 1 0 0 43 24
p/img719.jpg 1 0 0 100 40
p/img718.jpg 1 0 0 100 40
p/img717.jpg 1 0 0 100 40
p/img716.jpg 1 0 0 100 40
p/img715.jpg 1 0 0 128 128
p/img714.jpg 1 0 0 100 40
p/img713.jpg 1 0 0 100 40
p/img712.jpg 1 0 0 100 40
p/img711.jpg 1 0 0 100 40
p/img710.jpg 1 0 0 128 128
p/img71.jpg 1 0 0 61 53
p/img709.jpg 1 0 0 100 40
p/img708.jpg 1 0 0 100 40
p/img707.jpg 1 0 0 100 40
p/img706.jpg 1 0 0 100 40
p/img705.jpg 1 0 0 100 40
p/img704.jpg 1 0 0 100 40
p/img703.jpg 1 0 0 100 40
p/img702.jpg 1 0 0 100 40
p/img701.jpg 1 0 0 128 128
p/img700.jpg 1 0 0 100 40
p/img70.jpg 1 0 0 61 53
p/img7.jpg 1 0 0 128 128
p/img699.jpg 1 0 0 100 40
p/img698.jpg 1 0 0 100 40
p/img697.jpg 1 0 0 100 40
p/img696.jpg 1 0 0 100 40
p/img695.jpg 1 0 0 100 40
p/img694.jpg 1 0 0 100 40
p/img693.jpg 1 0 0 100 40
p/img692.jpg 1 0 0 100 40
p/img691.jpg 1 0 0 100 40
p/img690.jpg 1 0 0 100 40
p/img69.jpg 1 0 0 36 21
p/img689.jpg 1 0 0 100 40
p/img688.jpg 1 0 0 100 40
p/img687.jpg 1 0 0 100 40
p/img686.jpg 1 0 0 100 40
p/img685.jpg 1 0 0 100 40
p/img684.jpg 1 0 0 100 40
p/img683.jpg 1 0 0 100 40
p/img682.jpg 1 0 0 128 128
p/img681.jpg 1 0 0 100 40
p/img680.jpg 1 0 0 100 40
p/img68.jpg 1 0 0 131 88
p/img679.jpg 1 0 0 100 40
p/img678.jpg 1 0 0 100 40
p/img677.jpg 1 0 0 100 40
p/img676.jpg 1 0 0 128 128
p/img675.jpg 1 0 0 100 40
p/img674.jpg 1 0 0 100 40
p/img673.jpg 1 0 0 100 40
p/img672.jpg 1 0 0 100 40
p/img671.jpg 1 0 0 100 40
p/img670.jpg 1 0 0 100 40
p/img67.jpg 1 0 0 128 128
p/img669.jpg 1 0 0 128 128
p/img668.jpg 1 0 0 100 40
p/img667.jpg 1 0 0 100 40
p/img666.jpg 1 0 0 100 40
p/img665.jpg 1 0 0 100 40
p/img664.jpg 1 0 0 100 40
p/img663.jpg 1 0 0 100 40
p/img662.jpg 1 0 0 128 128
p/img661.jpg 1 0 0 100 40
p/img660.jpg 1 0 0 100 40
p/img66.jpg 1 0 0 45 40
p/img659.jpg 1 0 0 100 40
p/img658.jpg 1 0 0 100 40
p/img657.jpg 1 0 0 100 40
p/img656.jpg 1 0 0 100 40
p/img655.jpg 1 0 0 100 40
p/img654.jpg 1 0 0 100 40
p/img653.jpg 1 0 0 100 40
p/img652.jpg 1 0 0 100 40
p/img651.jpg 1 0 0 100 40
p/img650.jpg 1 0 0 100 40
p/img65.jpg 1 0 0 49 23
p/img649.jpg 1 0 0 100 40
p/img648.jpg 1 0 0 100 40
p/img647.jpg 1 0 0 100 40
p/img646.jpg 1 0 0 128 128
p/img645.jpg 1 0 0 100 40
p/img644.jpg 1 0 0 100 40
p/img643.jpg 1 0 0 100 40
p/img642.jpg 1 0 0 100 40
p/img641.jpg 1 0 0 100 40
p/img640.jpg 1 0 0 100 40
p/img64.jpg 1 0 0 68 75
p/img639.jpg 1 0 0 100 40
p/img638.jpg 1 0 0 100 40
p/img637.jpg 1 0 0 100 40
p/img636.jpg 1 0 0 100 40
p/img635.jpg 1 0 0 100 40
p/img634.jpg 1 0 0 100 40
p/img633.jpg 1 0 0 128 128
p/img632.jpg 1 0 0 100 40
p/img631.jpg 1 0 0 100 40
p/img630.jpg 1 0 0 100 40
p/img63.jpg 1 0 0 74 59
p/img629.jpg 1 0 0 100 40
p/img628.jpg 1 0 0 100 40
p/img627.jpg 1 0 0 100 40
p/img626.jpg 1 0 0 100 40
p/img625.jpg 1 0 0 100 40
p/img624.jpg 1 0 0 100 40
p/img623.jpg 1 0 0 100 40
p/img622.jpg 1 0 0 100 40
p/img621.jpg 1 0 0 128 128
p/img620.jpg 1 0 0 100 40
p/img62.jpg 1 0 0 76 53
p/img619.jpg 1 0 0 128 128
p/img618.jpg 1 0 0 128 128
p/img617.jpg 1 0 0 128 128
p/img616.jpg 1 0 0 128 128
p/img615.jpg 1 0 0 128 128
p/img614.jpg 1 0 0 128 128
p/img613.jpg 1 0 0 128 128
p/img612.jpg 1 0 0 128 128
p/img611.jpg 1 0 0 128 128
p/img610.jpg 1 0 0 128 128
p/img61.jpg 1 0 0 128 128
p/img609.jpg 1 0 0 100 40
p/img608.jpg 1 0 0 128 128
p/img607.jpg 1 0 0 128 128
p/img606.jpg 1 0 0 128 128
p/img605.jpg 1 0 0 128 128
p/img604.jpg 1 0 0 128 128
p/img603.jpg 1 0 0 128 128
p/img602.jpg 1 0 0 128 128
p/img601.jpg 1 0 0 128 128
p/img600.jpg 1 0 0 100 40
p/img60.jpg 1 0 0 128 128
p/img6.jpg 1 0 0 101 164
p/img599.jpg 1 0 0 128 128
p/img598.jpg 1 0 0 128 128
p/img597.jpg 1 0 0 128 128
p/img596.jpg 1 0 0 128 128
p/img595.jpg 1 0 0 128 128
p/img594.jpg 1 0 0 128 128
p/img593.jpg 1 0 0 128 128
p/img592.jpg 1 0 0 128 128
p/img591.jpg 1 0 0 128 128
p/img590.jpg 1 0 0 100 40
p/img59.jpg 1 0 0 128 128
p/img589.jpg 1 0 0 128 128
p/img588.jpg 1 0 0 128 128
p/img587.jpg 1 0 0 128 128
p/img586.jpg 1 0 0 128 128
p/img585.jpg 1 0 0 100 40
p/img584.jpg 1 0 0 128 128
p/img583.jpg 1 0 0 128 128
p/img582.jpg 1 0 0 128 128
p/img581.jpg 1 0 0 128 128
p/img580.jpg 1 0 0 128 128
p/img58.jpg 1 0 0 128 128
p/img579.jpg 1 0 0 128 128
p/img578.jpg 1 0 0 128 128
p/img577.jpg 1 0 0 128 128
p/img576.jpg 1 0 0 128 128
p/img575.jpg 1 0 0 128 128
p/img574.jpg 1 0 0 100 40
p/img573.jpg 1 0 0 128 128
p/img572.jpg 1 0 0 128 128
p/img571.jpg 1 0 0 128 128
p/img570.jpg 1 0 0 128 128
p/img57.jpg 1 0 0 100 40
p/img569.jpg 1 0 0 128 128
p/img568.jpg 1 0 0 128 128
p/img567.jpg 1 0 0 128 128
p/img566.jpg 1 0 0 128 128
p/img565.jpg 1 0 0 128 128
p/img564.jpg 1 0 0 128 128
p/img563.jpg 1 0 0 128 128
p/img562.jpg 1 0 0 100 40
p/img561.jpg 1 0 0 128 128
p/img560.jpg 1 0 0 100 40
p/img56.jpg 1 0 0 128 128
p/img559.jpg 1 0 0 128 128
p/img558.jpg 1 0 0 128 128
p/img557.jpg 1 0 0 128 128
p/img556.jpg 1 0 0 128 128
p/img555.jpg 1 0 0 128 128
p/img554.jpg 1 0 0 128 128
p/img553.jpg 1 0 0 128 128
p/img552.jpg 1 0 0 128 128
p/img551.jpg 1 0 0 128 128
p/img550.jpg 1 0 0 128 128
p/img55.jpg 1 0 0 128 128
p/img549.jpg 1 0 0 128 128
p/img548.jpg 1 0 0 128 128
p/img547.jpg 1 0 0 128 128
p/img546.jpg 1 0 0 100 40
p/img545.jpg 1 0 0 128 128
p/img544.jpg 1 0 0 128 128
p/img543.jpg 1 0 0 128 128
p/img542.jpg 1 0 0 128 128
p/img541.jpg 1 0 0 100 40
p/img540.jpg 1 0 0 128 128
p/img54.jpg 1 0 0 128 128
p/img539.jpg 1 0 0 128 128
p/img538.jpg 1 0 0 128 128
p/img537.jpg 1 0 0 128 128
p/img536.jpg 1 0 0 128 128
p/img535.jpg 1 0 0 128 128
p/img534.jpg 1 0 0 128 128
p/img533.jpg 1 0 0 128 128
p/img532.jpg 1 0 0 128 128
p/img531.jpg 1 0 0 100 40
p/img530.jpg 1 0 0 128 128
p/img53.jpg 1 0 0 128 128
p/img529.jpg 1 0 0 100 40
p/img528.jpg 1 0 0 100 40
p/img527.jpg 1 0 0 128 128
p/img526.jpg 1 0 0 128 128
p/img525.jpg 1 0 0 128 128
p/img524.jpg 1 0 0 128 128
p/img523.jpg 1 0 0 128 128
p/img522.jpg 1 0 0 128 128
p/img521.jpg 1 0 0 128 128
p/img520.jpg 1 0 0 128 128
p/img52.jpg 1 0 0 128 128
p/img519.jpg 1 0 0 128 128
p/img518.jpg 1 0 0 128 128
p/img517.jpg 1 0 0 128 128
p/img516.jpg 1 0 0 128 128
p/img515.jpg 1 0 0 128 128
p/img514.jpg 1 0 0 100 40
p/img513.jpg 1 0 0 128 128
p/img512.jpg 1 0 0 128 128
p/img511.jpg 1 0 0 128 128
p/img510.jpg 1 0 0 128 128
p/img51.jpg 1 0 0 100 40
p/img509.jpg 1 0 0 128 128
p/img508.jpg 1 0 0 128 128
p/img507.jpg 1 0 0 128 128
p/img506.jpg 1 0 0 128 128
p/img505.jpg 1 0 0 128 128
p/img504.jpg 1 0 0 128 128
p/img503.jpg 1 0 0 128 128
p/img502.jpg 1 0 0 128 128
p/img501.jpg 1 0 0 128 128
p/img500.jpg 1 0 0 128 128
p/img50.jpg 1 0 0 128 128
p/img5.jpg 1 0 0 43 49
p/img499.jpg 1 0 0 128 128
p/img498.jpg 1 0 0 128 128
p/img497.jpg 1 0 0 128 128
p/img496.jpg 1 0 0 128 128
p/img495.jpg 1 0 0 128 128
p/img494.jpg 1 0 0 128 128
p/img493.jpg 1 0 0 100 40
p/img492.jpg 1 0 0 128 128
p/img491.jpg 1 0 0 128 128
p/img490.jpg 1 0 0 128 128
p/img49.jpg 1 0 0 128 128
p/img489.jpg 1 0 0 128 128
p/img488.jpg 1 0 0 128 128
p/img487.jpg 1 0 0 128 128
p/img486.jpg 1 0 0 128 128
p/img485.jpg 1 0 0 128 128
p/img484.jpg 1 0 0 128 128
p/img483.jpg 1 0 0 128 128
p/img482.jpg 1 0 0 128 128
p/img481.jpg 1 0 0 128 128
p/img480.jpg 1 0 0 128 128
p/img48.jpg 1 0 0 128 128
p/img479.jpg 1 0 0 128 128
p/img478.jpg 1 0 0 128 128
p/img477.jpg 1 0 0 128 128
p/img476.jpg 1 0 0 128 128
p/img475.jpg 1 0 0 128 128
p/img474.jpg 1 0 0 128 128
p/img473.jpg 1 0 0 128 128
p/img472.jpg 1 0 0 100 40
p/img471.jpg 1 0 0 128 128
p/img470.jpg 1 0 0 128 128
p/img47.jpg 1 0 0 49 27
p/img469.jpg 1 0 0 128 128
p/img468.jpg 1 0 0 128 128
p/img467.jpg 1 0 0 100 40
p/img466.jpg 1 0 0 128 128
p/img465.jpg 1 0 0 128 128
p/img464.jpg 1 0 0 128 128
p/img463.jpg 1 0 0 128 128
p/img462.jpg 1 0 0 128 128
p/img461.jpg 1 0 0 128 128
p/img460.jpg 1 0 0 100 40
p/img46.jpg 1 0 0 37 32
p/img459.jpg 1 0 0 128 128
p/img458.jpg 1 0 0 128 128
p/img457.jpg 1 0 0 128 128
p/img456.jpg 1 0 0 128 128
p/img455.jpg 1 0 0 128 128
p/img454.jpg 1 0 0 128 128
p/img453.jpg 1 0 0 128 128
p/img452.jpg 1 0 0 100 40
p/img451.jpg 1 0 0 128 128
p/img450.jpg 1 0 0 128 128
p/img45.jpg 1 0 0 52 32
p/img449.jpg 1 0 0 128 128
p/img448.jpg 1 0 0 128 128
p/img447.jpg 1 0 0 128 128
p/img446.jpg 1 0 0 128 128
p/img445.jpg 1 0 0 128 128
p/img444.jpg 1 0 0 128 128
p/img443.jpg 1 0 0 128 128
p/img442.jpg 1 0 0 128 128
p/img441.jpg 1 0 0 128 128
p/img440.jpg 1 0 0 128 128
p/img44.jpg 1 0 0 128 128
p/img439.jpg 1 0 0 128 128
p/img438.jpg 1 0 0 128 128
p/img437.jpg 1 0 0 100 40
p/img436.jpg 1 0 0 128 128
p/img435.jpg 1 0 0 128 128
p/img434.jpg 1 0 0 128 128
p/img433.jpg 1 0 0 128 128
p/img432.jpg 1 0 0 128 128
p/img431.jpg 1 0 0 128 128
p/img430.jpg 1 0 0 128 128
p/img43.jpg 1 0 0 23 27
p/img429.jpg 1 0 0 128 128
p/img428.jpg 1 0 0 128 128
p/img427.jpg 1 0 0 128 128
p/img426.jpg 1 0 0 100 40
p/img425.jpg 1 0 0 128 128
p/img424.jpg 1 0 0 128 128
p/img423.jpg 1 0 0 128 128
p/img422.jpg 1 0 0 128 128
p/img421.jpg 1 0 0 100 40
p/img420.jpg 1 0 0 128 128
p/img42.jpg 1 0 0 20 24
p/img419.jpg 1 0 0 128 128
p/img418.jpg 1 0 0 128 128
p/img417.jpg 1 0 0 128 128
p/img416.jpg 1 0 0 128 128
p/img415.jpg 1 0 0 128 128
p/img414.jpg 1 0 0 128 128
p/img413.jpg 1 0 0 128 128
p/img412.jpg 1 0 0 128 128
p/img411.jpg 1 0 0 128 128
p/img410.jpg 1 0 0 100 40
p/img41.jpg 1 0 0 33 23
p/img409.jpg 1 0 0 128 128
p/img408.jpg 1 0 0 100 40
p/img407.jpg 1 0 0 128 128
p/img406.jpg 1 0 0 100 40
p/img405.jpg 1 0 0 128 128
p/img404.jpg 1 0 0 128 128
p/img403.jpg 1 0 0 128 128
p/img402.jpg 1 0 0 128 128
p/img401.jpg 1 0 0 128 128
p/img400.jpg 1 0 0 128 128
p/img40.jpg 1 0 0 30 26
p/img4.jpg 1 0 0 128 128
p/img399.jpg 1 0 0 128 128
p/img398.jpg 1 0 0 100 40
p/img397.jpg 1 0 0 128 128
p/img396.jpg 1 0 0 128 128
p/img395.jpg 1 0 0 128 128
p/img394.jpg 1 0 0 128 128
p/img393.jpg 1 0 0 128 128
p/img392.jpg 1 0 0 128 128
p/img391.jpg 1 0 0 128 128
p/img390.jpg 1 0 0 128 128
p/img39.jpg 1 0 0 24 25
p/img389.jpg 1 0 0 128 128
p/img388.jpg 1 0 0 128 128
p/img387.jpg 1 0 0 128 128
p/img386.jpg 1 0 0 128 128
p/img385.jpg 1 0 0 100 40
p/img384.jpg 1 0 0 128 128
p/img383.jpg 1 0 0 128 128
p/img382.jpg 1 0 0 128 128
p/img381.jpg 1 0 0 128 128
p/img380.jpg 1 0 0 128 128
p/img38.jpg 1 0 0 19 25
p/img379.jpg 1 0 0 128 128
p/img378.jpg 1 0 0 128 128
p/img377.jpg 1 0 0 100 40
p/img376.jpg 1 0 0 128 128
p/img375.jpg 1 0 0 128 128
p/img374.jpg 1 0 0 128 128
p/img373.jpg 1 0 0 128 128
p/img372.jpg 1 0 0 128 128
p/img371.jpg 1 0 0 128 128
p/img370.jpg 1 0 0 128 128
p/img37.jpg 1 0 0 45 47
p/img369.jpg 1 0 0 128 128
p/img368.jpg 1 0 0 128 128
p/img367.jpg 1 0 0 128 128
p/img366.jpg 1 0 0 100 40
p/img365.jpg 1 0 0 128 128
p/img364.jpg 1 0 0 128 128
p/img363.jpg 1 0 0 128 128
p/img362.jpg 1 0 0 100 40
p/img361.jpg 1 0 0 128 128
p/img360.jpg 1 0 0 128 128
p/img36.jpg 1 0 0 29 27
p/img359.jpg 1 0 0 128 128
p/img358.jpg 1 0 0 128 128
p/img357.jpg 1 0 0 128 128
p/img356.jpg 1 0 0 128 128
p/img355.jpg 1 0 0 100 40
p/img354.jpg 1 0 0 128 128
p/img353.jpg 1 0 0 128 128
p/img352.jpg 1 0 0 128 128
p/img351.jpg 1 0 0 128 128
p/img350.jpg 1 0 0 128 128
p/img35.jpg 1 0 0 31 22
p/img349.jpg 1 0 0 128 128
p/img348.jpg 1 0 0 128 128
p/img347.jpg 1 0 0 128 128
p/img346.jpg 1 0 0 128 128
p/img345.jpg 1 0 0 128 128
p/img344.jpg 1 0 0 128 128
p/img343.jpg 1 0 0 128 128
p/img342.jpg 1 0 0 128 128
p/img341.jpg 1 0 0 128 128
p/img340.jpg 1 0 0 128 128
p/img34.jpg 1 0 0 49 21
p/img339.jpg 1 0 0 100 40
p/img338.jpg 1 0 0 128 128
p/img337.jpg 1 0 0 128 128
p/img336.jpg 1 0 0 128 128
p/img335.jpg 1 0 0 128 128
p/img334.jpg 1 0 0 128 128
p/img333.jpg 1 0 0 128 128
p/img332.jpg 1 0 0 128 128
p/img331.jpg 1 0 0 128 128
p/img330.jpg 1 0 0 100 40
p/img33.jpg 1 0 0 128 128
p/img329.jpg 1 0 0 128 128
p/img328.jpg 1 0 0 128 128
p/img327.jpg 1 0 0 128 128
p/img326.jpg 1 0 0 128 128
p/img325.jpg 1 0 0 128 128
p/img324.jpg 1 0 0 128 128
p/img323.jpg 1 0 0 128 128
p/img322.jpg 1 0 0 128 128
p/img321.jpg 1 0 0 128 128
p/img320.jpg 1 0 0 128 128
p/img32.jpg 1 0 0 75 66
p/img319.jpg 1 0 0 128 128
p/img318.jpg 1 0 0 100 40
p/img317.jpg 1 0 0 128 128
p/img316.jpg 1 0 0 128 128
p/img315.jpg 1 0 0 128 128
p/img314.jpg 1 0 0 128 128
p/img313.jpg 1 0 0 128 128
p/img312.jpg 1 0 0 128 128
p/img311.jpg 1 0 0 128 128
p/img310.jpg 1 0 0 128 128
p/img31.jpg 1 0 0 50 63
p/img309.jpg 1 0 0 128 128
p/img308.jpg 1 0 0 128 128
p/img307.jpg 1 0 0 128 128
p/img306.jpg 1 0 0 100 40
p/img305.jpg 1 0 0 128 128
p/img304.jpg 1 0 0 128 128
p/img303.jpg 1 0 0 128 128
p/img302.jpg 1 0 0 128 128
p/img301.jpg 1 0 0 128 128
p/img300.jpg 1 0 0 128 128
p/img30.jpg 1 0 0 46 66
p/img3.jpg 1 0 0 128 128
p/img299.jpg 1 0 0 128 128
p/img298.jpg 1 0 0 128 128
p/img297.jpg 1 0 0 128 128
p/img296.jpg 1 0 0 128 128
p/img295.jpg 1 0 0 100 40
p/img294.jpg 1 0 0 128 128
p/img293.jpg 1 0 0 128 128
p/img292.jpg 1 0 0 128 128
p/img291.jpg 1 0 0 128 128
p/img290.jpg 1 0 0 128 128
p/img29.jpg 1 0 0 128 128
p/img289.jpg 1 0 0 128 128
p/img288.jpg 1 0 0 128 128
p/img287.jpg 1 0 0 128 128
p/img286.jpg 1 0 0 128 128
p/img285.jpg 1 0 0 128 128
p/img284.jpg 1 0 0 100 40
p/img283.jpg 1 0 0 128 128
p/img282.jpg 1 0 0 128 128
p/img281.jpg 1 0 0 128 128
p/img280.jpg 1 0 0 128 128
p/img28.jpg 1 0 0 71 70
p/img279.jpg 1 0 0 128 128
p/img278.jpg 1 0 0 128 128
p/img277.jpg 1 0 0 128 128
p/img276.jpg 1 0 0 128 128
p/img275.jpg 1 0 0 60 61
p/img274.jpg 1 0 0 59 86
p/img273.jpg 1 0 0 74 85
p/img272.jpg 1 0 0 85 68
p/img271.jpg 1 0 0 84 76
p/img270.jpg 1 0 0 95 93
p/img27.jpg 1 0 0 67 80
p/img269.jpg 1 0 0 80 67
p/img268.jpg 1 0 0 128 128
p/img267.jpg 1 0 0 75 77
p/img266.jpg 1 0 0 76 89
p/img265.jpg 1 0 0 77 78
p/img264.jpg 1 0 0 69 72
p/img263.jpg 1 0 0 83 75
p/img262.jpg 1 0 0 70 64
p/img261.jpg 1 0 0 75 65
p/img260.jpg 1 0 0 97 50
p/img26.jpg 1 0 0 76 43
p/img259.jpg 1 0 0 77 58
p/img258.jpg 1 0 0 128 128
p/img257.jpg 1 0 0 84 52
p/img256.jpg 1 0 0 99 65
p/img255.jpg 1 0 0 101 49
p/img254.jpg 1 0 0 73 44
p/img253.jpg 1 0 0 112 90
p/img252.jpg 1 0 0 71 36
p/img251.jpg 1 0 0 48 53
p/img250.jpg 1 0 0 80 41
p/img25.jpg 1 0 0 69 48
p/img249.jpg 1 0 0 40 47
p/img248.jpg 1 0 0 75 48
p/img247.jpg 1 0 0 128 128
p/img246.jpg 1 0 0 76 56
p/img245.jpg 1 0 0 69 50
p/img244.jpg 1 0 0 94 70
p/img243.jpg 1 0 0 51 63
p/img242.jpg 1 0 0 76 49
p/img241.jpg 1 0 0 92 56
p/img240.jpg 1 0 0 80 82
p/img24.jpg 1 0 0 47 82
p/img239.jpg 1 0 0 65 50
p/img238.jpg 1 0 0 80 82
p/img237.jpg 1 0 0 100 40
p/img236.jpg 1 0 0 128 128
p/img235.jpg 1 0 0 95 85
p/img234.jpg 1 0 0 116 77
p/img233.jpg 1 0 0 112 94
p/img232.jpg 1 0 0 75 25
p/img231.jpg 1 0 0 75 47
p/img230.jpg 1 0 0 68 47
p/img23.jpg 1 0 0 66 28
p/img229.jpg 1 0 0 130 56
p/img228.jpg 1 0 0 103 54
p/img227.jpg 1 0 0 84 71
p/img226.jpg 1 0 0 128 128
p/img225.jpg 1 0 0 66 65
p/img224.jpg 1 0 0 65 68
p/img223.jpg 1 0 0 58 41
p/img222.jpg 1 0 0 84 72
p/img221.jpg 1 0 0 77 88
p/img220.jpg 1 0 0 142 93
p/img22.jpg 1 0 0 81 59
p/img219.jpg 1 0 0 146 73
p/img218.jpg 1 0 0 61 60
p/img217.jpg 1 0 0 69 72
p/img216.jpg 1 0 0 128 128
p/img215.jpg 1 0 0 63 66
p/img214.jpg 1 0 0 124 56
p/img213.jpg 1 0 0 73 75
p/img212.jpg 1 0 0 105 60
p/img211.jpg 1 0 0 102 53
p/img210.jpg 1 0 0 74 65
p/img21.jpg 1 0 0 128 128
p/img209.jpg 1 0 0 83 73
p/img208.jpg 1 0 0 37 85
p/img207.jpg 1 0 0 78 78
p/img206.jpg 1 0 0 79 71
p/img205.jpg 1 0 0 128 128
p/img204.jpg 1 0 0 53 33
p/img203.jpg 1 0 0 53 47
p/img202.jpg 1 0 0 45 12
p/img201.jpg 1 0 0 41 22
p/img200.jpg 1 0 0 31 25
p/img20.jpg 1 0 0 38 56
p/img2.jpg 1 0 0 43 16
p/img199.jpg 1 0 0 26 25
p/img198.jpg 1 0 0 41 21
p/img197.jpg 1 0 0 128 128
p/img196.jpg 1 0 0 100 40
p/img195.jpg 1 0 0 100 40
p/img194.jpg 1 0 0 100 40
p/img193.jpg 1 0 0 100 40
p/img192.jpg 1 0 0 128 128
p/img191.jpg 1 0 0 128 128
p/img190.jpg 1 0 0 128 128
p/img19.jpg 1 0 0 158 96
p/img189.jpg 1 0 0 128 128
p/img188.jpg 1 0 0 91 71
p/img187.jpg 1 0 0 128 128
p/img186.jpg 1 0 0 100 40
p/img185.jpg 1 0 0 128 128
p/img184.jpg 1 0 0 128 128
p/img183.jpg 1 0 0 128 128
p/img182.jpg 1 0 0 128 128
p/img181.jpg 1 0 0 128 128
p/img180.jpg 1 0 0 128 128
p/img18.jpg 1 0 0 71 55
p/img179.jpg 1 0 0 128 128
p/img178.jpg 1 0 0 128 128
p/img177.jpg 1 0 0 128 128
p/img176.jpg 1 0 0 36 26
p/img175.jpg 1 0 0 27 35
p/img174.jpg 1 0 0 27 27
p/img173.jpg 1 0 0 39 41
p/img172.jpg 1 0 0 45 33
p/img171.jpg 1 0 0 46 26
p/img170.jpg 1 0 0 100 40
p/img17.jpg 1 0 0 93 89
p/img169.jpg 1 0 0 31 27
p/img168.jpg 1 0 0 31 26
p/img167.jpg 1 0 0 58 35
p/img166.jpg 1 0 0 41 27
p/img165.jpg 1 0 0 77 25
p/img164.jpg 1 0 0 60 31
p/img163.jpg 1 0 0 128 128
p/img162.jpg 1 0 0 84 39
p/img161.jpg 1 0 0 128 128
p/img160.jpg 1 0 0 63 48
p/img16.jpg 1 0 0 115 96
p/img159.jpg 1 0 0 49 41
p/img158.jpg 1 0 0 40 37
p/img157.jpg 1 0 0 67 53
p/img156.jpg 1 0 0 52 50
p/img155.jpg 1 0 0 40 41
p/img154.jpg 1 0 0 79 88
p/img153.jpg 1 0 0 73 25
p/img152.jpg 1 0 0 72 44
p/img151.jpg 1 0 0 37 45
p/img150.jpg 1 0 0 74 55
p/img15.jpg 1 0 0 88 82
p/img149.jpg 1 0 0 45 44
p/img148.jpg 1 0 0 128 128
p/img147.jpg 1 0 0 68 45
p/img146.jpg 1 0 0 56 47
p/img145.jpg 1 0 0 57 41
p/img144.jpg 1 0 0 124 74
p/img143.jpg 1 0 0 100 99
p/img142.jpg 1 0 0 127 105
p/img141.jpg 1 0 0 51 66
p/img140.jpg 1 0 0 79 70
p/img14.jpg 1 0 0 73 77
p/img139.jpg 1 0 0 56 38
p/img138.jpg 1 0 0 94 46
p/img137.jpg 1 0 0 56 81
p/img136.jpg 1 0 0 128 128
p/img135.jpg 1 0 0 71 55
p/img134.jpg 1 0 0 119 75
p/img133.jpg 1 0 0 142 103
p/img132.jpg 1 0 0 91 77
p/img131.jpg 1 0 0 72 75
p/img130.jpg 1 0 0 72 75
p/img13.jpg 1 0 0 128 128
p/img129.jpg 1 0 0 90 55
p/img128.jpg 1 0 0 100 55
p/img127.jpg 1 0 0 128 128
p/img126.jpg 1 0 0 19 33
p/img125.jpg 1 0 0 27 19
p/img124.jpg 1 0 0 44 72
p/img1230.jpg 1 0 0 46 26
p/img123.jpg 1 0 0 31 19
p/img1229.jpg 1 0 0 100 40
p/img1228.jpg 1 0 0 100 40
p/img1227.jpg 1 0 0 100 40
p/img1226.jpg 1 0 0 100 40
p/img1225.jpg 1 0 0 100 40
p/img1224.jpg 1 0 0 100 40
p/img1223.jpg 1 0 0 100 40
p/img1222.jpg 1 0 0 100 40
p/img1221.jpg 1 0 0 100 40
p/img1220.jpg 1 0 0 128 128
p/img122.jpg 1 0 0 66 48
p/img1219.jpg 1 0 0 100 40
p/img1218.jpg 1 0 0 100 40
p/img1217.jpg 1 0 0 100 40
p/img1216.jpg 1 0 0 100 40
p/img1215.jpg 1 0 0 100 40
p/img1214.jpg 1 0 0 128 128
p/img1213.jpg 1 0 0 100 40
p/img1212.jpg 1 0 0 100 40
p/img1211.jpg 1 0 0 100 40
p/img1210.jpg 1 0 0 100 40
p/img121.jpg 1 0 0 60 65
p/img1209.jpg 1 0 0 100 40
p/img1208.jpg 1 0 0 100 40
p/img1207.jpg 1 0 0 100 40
p/img1206.jpg 1 0 0 100 40
p/img1205.jpg 1 0 0 100 40
p/img1204.jpg 1 0 0 100 40
p/img1203.jpg 1 0 0 128 128
p/img1202.jpg 1 0 0 100 40
p/img1201.jpg 1 0 0 100 40
p/img1200.jpg 1 0 0 100 40
p/img120.jpg 1 0 0 128 128
p/img12.jpg 1 0 0 128 128
p/img1199.jpg 1 0 0 100 40
p/img1198.jpg 1 0 0 100 40
p/img1197.jpg 1 0 0 100 40
p/img1196.jpg 1 0 0 100 40
p/img1195.jpg 1 0 0 128 128
p/img1194.jpg 1 0 0 100 40
p/img1193.jpg 1 0 0 100 40
p/img1192.jpg 1 0 0 100 40
p/img1191.jpg 1 0 0 100 40
p/img1190.jpg 1 0 0 100 40
p/img119.jpg 1 0 0 128 128
p/img1189.jpg 1 0 0 100 40
p/img1188.jpg 1 0 0 100 40
p/img1187.jpg 1 0 0 100 40
p/img1186.jpg 1 0 0 100 40
p/img1185.jpg 1 0 0 100 40
p/img1184.jpg 1 0 0 128 128
p/img1183.jpg 1 0 0 100 40
p/img1182.jpg 1 0 0 100 40
p/img1181.jpg 1 0 0 100 40
p/img1180.jpg 1 0 0 100 40
p/img118.jpg 1 0 0 128 128
p/img1179.jpg 1 0 0 100 40
p/img1178.jpg 1 0 0 100 40
p/img1177.jpg 1 0 0 100 40
p/img1176.jpg 1 0 0 100 40
p/img1175.jpg 1 0 0 100 40
p/img1174.jpg 1 0 0 100 40
p/img1173.jpg 1 0 0 100 40
p/img1172.jpg 1 0 0 128 128
p/img1171.jpg 1 0 0 100 40
p/img1170.jpg 1 0 0 100 40
p/img117.jpg 1 0 0 128 128
p/img1169.jpg 1 0 0 128 128
p/img1168.jpg 1 0 0 100 40
p/img1167.jpg 1 0 0 100 40
p/img1166.jpg 1 0 0 100 40
p/img1165.jpg 1 0 0 100 40
p/img1164.jpg 1 0 0 100 40
p/img1163.jpg 1 0 0 100 40
p/img1162.jpg 1 0 0 100 40
p/img1161.jpg 1 0 0 100 40
p/img1160.jpg 1 0 0 128 128
p/img116.jpg 1 0 0 128 128
p/img1159.jpg 1 0 0 100 40
p/img1158.jpg 1 0 0 100 40
p/img1157.jpg 1 0 0 100 40
p/img1156.jpg 1 0 0 100 40
p/img1155.jpg 1 0 0 100 40
p/img1154.jpg 1 0 0 100 40
p/img1153.jpg 1 0 0 100 40
p/img1152.jpg 1 0 0 100 40
p/img1151.jpg 1 0 0 100 40
p/img1150.jpg 1 0 0 100 40
p/img115.jpg 1 0 0 128 128
p/img1149.jpg 1 0 0 100 40
p/img1148.jpg 1 0 0 100 40
p/img1147.jpg 1 0 0 100 40
p/img1146.jpg 1 0 0 100 40
p/img1145.jpg 1 0 0 100 40
p/img1144.jpg 1 0 0 128 128
p/img1143.jpg 1 0 0 100 40
p/img1142.jpg 1 0 0 100 40
p/img1141.jpg 1 0 0 100 40
p/img1140.jpg 1 0 0 100 40
p/img114.jpg 1 0 0 128 128
p/img1139.jpg 1 0 0 100 40
p/img1138.jpg 1 0 0 100 40
p/img1137.jpg 1 0 0 100 40
p/img1136.jpg 1 0 0 100 40
p/img1135.jpg 1 0 0 100 40
p/img1134.jpg 1 0 0 100 40
p/img1133.jpg 1 0 0 100 40
p/img1132.jpg 1 0 0 100 40
p/img1131.jpg 1 0 0 100 40
p/img1130.jpg 1 0 0 100 40
p/img113.jpg 1 0 0 128 128
p/img1129.jpg 1 0 0 100 40
p/img1128.jpg 1 0 0 100 40
p/img1127.jpg 1 0 0 100 40
p/img1126.jpg 1 0 0 128 128
p/img1125.jpg 1 0 0 100 40
p/img1124.jpg 1 0 0 100 40
p/img1123.jpg 1 0 0 100 40
p/img1122.jpg 1 0 0 100 40
p/img1121.jpg 1 0 0 100 40
p/img1120.jpg 1 0 0 100 40
p/img112.jpg 1 0 0 128 128
p/img1119.jpg 1 0 0 100 40
p/img1118.jpg 1 0 0 100 40
p/img1117.jpg 1 0 0 100 40
p/img1116.jpg 1 0 0 100 40
p/img1115.jpg 1 0 0 100 40
p/img1114.jpg 1 0 0 100 40
p/img1113.jpg 1 0 0 100 40
p/img1112.jpg 1 0 0 100 40
p/img1111.jpg 1 0 0 100 40
p/img1110.jpg 1 0 0 128 128
p/img111.jpg 1 0 0 128 128
p/img1109.jpg 1 0 0 100 40
p/img1108.jpg 1 0 0 100 40
p/img1107.jpg 1 0 0 100 40
p/img1106.jpg 1 0 0 100 40
p/img1105.jpg 1 0 0 100 40
p/img1104.jpg 1 0 0 128 128
p/img1103.jpg 1 0 0 100 40
p/img1102.jpg 1 0 0 100 40
p/img1101.jpg 1 0 0 100 40
p/img1100.jpg 1 0 0 100 40
p/img110.jpg 1 0 0 100 40
p/img11.jpg 1 0 0 128 128
p/img1099.jpg 1 0 0 100 40
p/img1098.jpg 1 0 0 100 40
p/img1097.jpg 1 0 0 100 40
p/img1096.jpg 1 0 0 100 40
p/img1095.jpg 1 0 0 100 40
p/img1094.jpg 1 0 0 100 40
p/img1093.jpg 1 0 0 100 40
p/img1092.jpg 1 0 0 100 40
p/img1091.jpg 1 0 0 100 40
p/img1090.jpg 1 0 0 100 40
p/img109.jpg 1 0 0 128 128
p/img1089.jpg 1 0 0 100 40
p/img1088.jpg 1 0 0 128 128
p/img1087.jpg 1 0 0 100 40
p/img1086.jpg 1 0 0 100 40
p/img1085.jpg 1 0 0 100 40
p/img1084.jpg 1 0 0 100 40
p/img1083.jpg 1 0 0 100 40
p/img1082.jpg 1 0 0 128 128
p/img1081.jpg 1 0 0 100 40
p/img1080.jpg 1 0 0 100 40
p/img108.jpg 1 0 0 128 128
p/img1079.jpg 1 0 0 100 40
p/img1078.jpg 1 0 0 100 40
p/img1077.jpg 1 0 0 100 40
p/img1076.jpg 1 0 0 100 40
p/img1075.jpg 1 0 0 100 40
p/img1074.jpg 1 0 0 100 40
p/img1073.jpg 1 0 0 100 40
p/img1072.jpg 1 0 0 100 40
p/img1071.jpg 1 0 0 100 40
p/img1070.jpg 1 0 0 100 40
p/img107.jpg 1 0 0 128 128
p/img1069.jpg 1 0 0 100 40
p/img1068.jpg 1 0 0 100 40
p/img1067.jpg 1 0 0 100 40
p/img1066.jpg 1 0 0 100 40
p/img1065.jpg 1 0 0 100 40
p/img1064.jpg 1 0 0 100 40
p/img1063.jpg 1 0 0 128 128
p/img1062.jpg 1 0 0 100 40
p/img1061.jpg 1 0 0 100 40
p/img1060.jpg 1 0 0 100 40
p/img106.jpg 1 0 0 35 19
p/img1059.jpg 1 0 0 100 40
p/img1058.jpg 1 0 0 100 40
p/img1057.jpg 1 0 0 100 40
p/img1056.jpg 1 0 0 100 40
p/img1055.jpg 1 0 0 100 40
p/img1054.jpg 1 0 0 100 40
p/img1053.jpg 1 0 0 100 40
p/img1052.jpg 1 0 0 100 40
p/img1051.jpg 1 0 0 100 40
p/img1050.jpg 1 0 0 128 128
p/img105.jpg 1 0 0 40 16
p/img1049.jpg 1 0 0 100 40
p/img1048.jpg 1 0 0 100 40
p/img1047.jpg 1 0 0 100 40
p/img1046.jpg 1 0 0 100 40
p/img1045.jpg 1 0 0 128 128
p/img1044.jpg 1 0 0 100 40
p/img1043.jpg 1 0 0 100 40
p/img1042.jpg 1 0 0 100 40
p/img1041.jpg 1 0 0 100 40
p/img1040.jpg 1 0 0 100 40
p/img104.jpg 1 0 0 70 40
p/img1039.jpg 1 0 0 100 40
p/img1038.jpg 1 0 0 100 40
p/img1037.jpg 1 0 0 100 40
p/img1036.jpg 1 0 0 100 40
p/img1035.jpg 1 0 0 100 40
p/img1034.jpg 1 0 0 100 40
p/img1033.jpg 1 0 0 100 40
p/img1032.jpg 1 0 0 100 40
p/img1031.jpg 1 0 0 100 40
p/img1030.jpg 1 0 0 100 40
p/img103.jpg 1 0 0 17 33
p/img1029.jpg 1 0 0 100 40
p/img1028.jpg 1 0 0 100 40
p/img1027.jpg 1 0 0 128 128
p/img1026.jpg 1 0 0 100 40
p/img1025.jpg 1 0 0 100 40
p/img1024.jpg 1 0 0 100 40
p/img1023.jpg 1 0 0 100 40
p/img1022.jpg 1 0 0 100 40
p/img1021.jpg 1 0 0 100 40
p/img1020.jpg 1 0 0 100 40
p/img102.jpg 1 0 0 128 128
p/img1019.jpg 1 0 0 100 40
p/img1018.jpg 1 0 0 100 40
p/img1017.jpg 1 0 0 100 40
p/img1016.jpg 1 0 0 100 40
p/img1015.jpg 1 0 0 100 40
p/img1014.jpg 1 0 0 100 40
p/img1013.jpg 1 0 0 100 40
p/img1012.jpg 1 0 0 100 40
p/img1011.jpg 1 0 0 100 40
p/img1010.jpg 1 0 0 100 40
p/img101.jpg 1 0 0 53 30
p/img1009.jpg 1 0 0 100 40
p/img1008.jpg 1 0 0 100 40
p/img1007.jpg 1 0 0 100 40
p/img1006.jpg 1 0 0 100 40
p/img1005.jpg 1 0 0 100 40
p/img1004.jpg 1 0 0 128 128
p/img1003.jpg 1 0 0 100 40
p/img1002.jpg 1 0 0 100 40
p/img1001.jpg 1 0 0 100 40
p/img1000.jpg 1 0 0 100 40
p/img100.jpg 1 0 0 34 33
p/img10.jpg 1 0 0 35 20
p/img1.jpg 1 0 0 128 128